<?xml version="1.0" encoding="UTF-8"?>
<testng-results ignored="0" total="1" passed="1" failed="0" skipped="0">
  <reporter-output>
  </reporter-output>
  <suite started-at="2019-08-22T09:10:12Z" name="All Test Suite" finished-at="2019-08-22T09:10:17Z" duration-ms="5428">
    <groups>
    </groups>
    <test started-at="2019-08-22T09:10:12Z" name="C:/Users/s.singamsetty/IdeaProjects/SeleniumJavaFramework" finished-at="2019-08-22T09:10:17Z" duration-ms="5428">
      <class name="Test.TestNG_Demo">
        <test-method is-config="true" signature="setUpTest()[pri:0, instance:Test.TestNG_Demo@17baae6e]" started-at="2019-08-22T09:10:12Z" name="setUpTest" finished-at="2019-08-22T09:10:15Z" duration-ms="3098" status="PASS">
          <reporter-output>
          </reporter-output>
        </test-method> <!-- setUpTest -->
        <test-method signature="googleSearch()[pri:0, instance:Test.TestNG_Demo@17baae6e]" started-at="2019-08-22T09:10:15Z" name="googleSearch" finished-at="2019-08-22T09:10:17Z" duration-ms="2314" status="PASS">
          <reporter-output>
          </reporter-output>
        </test-method> <!-- googleSearch -->
        <test-method is-config="true" signature="tearDownTest()[pri:0, instance:Test.TestNG_Demo@17baae6e]" started-at="2019-08-22T09:10:17Z" name="tearDownTest" finished-at="2019-08-22T09:10:17Z" duration-ms="1" status="PASS">
          <reporter-output>
          </reporter-output>
        </test-method> <!-- tearDownTest -->
      </class> <!-- Test.TestNG_Demo -->
    </test> <!-- C:/Users/s.singamsetty/IdeaProjects/SeleniumJavaFramework -->
  </suite> <!-- All Test Suite -->
</testng-results>
